<?xml version="1.0" encoding="UTF-8"?>
<coverage generated="1738780564687" clover="3.2.0">
  <project timestamp="1738780564687" name="All files">
    <metrics statements="48" coveredstatements="41" conditionals="17" coveredconditionals="11" methods="8" coveredmethods="7" elements="73" coveredelements="59" complexity="0" loc="48" ncloc="48" packages="2" files="5" classes="5"/>
    <package name="services">
      <metrics statements="28" coveredstatements="25" conditionals="6" coveredconditionals="3" methods="5" coveredmethods="5"/>
      <file name="apiService.js" path="/home/caio/Área de trabalho/Branch/2024-2-Squad07/TestesMapa/obrasgov/src/services/apiService.js">
        <metrics statements="18" coveredstatements="15" conditionals="6" coveredconditionals="3" methods="2" coveredmethods="2"/>
        <line num="1" count="1" type="stmt"/>
        <line num="2" count="1" type="stmt"/>
        <line num="5" count="2" type="stmt"/>
        <line num="7" count="2" type="stmt"/>
        <line num="8" count="2" type="stmt"/>
        <line num="10" count="1" type="cond" truecount="3" falsecount="1"/>
        <line num="11" count="1" type="stmt"/>
        <line num="12" count="1" type="stmt"/>
        <line num="14" count="0" type="stmt"/>
        <line num="15" count="0" type="stmt"/>
        <line num="18" count="1" type="stmt"/>
        <line num="19" count="1" type="stmt"/>
        <line num="24" count="2" type="stmt"/>
        <line num="25" count="2" type="stmt"/>
        <line num="26" count="2" type="stmt"/>
        <line num="27" count="0" type="stmt"/>
        <line num="29" count="2" type="stmt"/>
        <line num="33" count="1" type="stmt"/>
      </file>
      <file name="cacheService.js" path="/home/caio/Área de trabalho/Branch/2024-2-Squad07/TestesMapa/obrasgov/src/services/cacheService.js">
        <metrics statements="4" coveredstatements="4" conditionals="0" coveredconditionals="0" methods="2" coveredmethods="2"/>
        <line num="1" count="1" type="stmt"/>
        <line num="4" count="2" type="stmt"/>
        <line num="8" count="1" type="stmt"/>
        <line num="11" count="1" type="stmt"/>
      </file>
      <file name="fileService.js" path="/home/caio/Área de trabalho/Branch/2024-2-Squad07/TestesMapa/obrasgov/src/services/fileService.js">
        <metrics statements="6" coveredstatements="6" conditionals="0" coveredconditionals="0" methods="1" coveredmethods="1"/>
        <line num="1" count="1" type="stmt"/>
        <line num="4" count="2" type="stmt"/>
        <line num="5" count="2" type="stmt"/>
        <line num="6" count="1" type="stmt"/>
        <line num="8" count="1" type="stmt"/>
        <line num="12" count="1" type="stmt"/>
      </file>
    </package>
    <package name="utils">
      <metrics statements="20" coveredstatements="16" conditionals="11" coveredconditionals="8" methods="3" coveredmethods="2"/>
      <file name="geometryUtils.js" path="/home/caio/Área de trabalho/Branch/2024-2-Squad07/TestesMapa/obrasgov/src/utils/geometryUtils.js">
        <metrics statements="5" coveredstatements="5" conditionals="2" coveredconditionals="2" methods="1" coveredmethods="1"/>
        <line num="2" count="3" type="stmt"/>
        <line num="3" count="3" type="cond" truecount="2" falsecount="0"/>
        <line num="4" count="2" type="stmt"/>
        <line num="9" count="1" type="stmt"/>
        <line num="12" count="1" type="stmt"/>
      </file>
      <file name="retryUtils.js" path="/home/caio/Área de trabalho/Branch/2024-2-Squad07/TestesMapa/obrasgov/src/utils/retryUtils.js">
        <metrics statements="15" coveredstatements="11" conditionals="9" coveredconditionals="6" methods="2" coveredmethods="1"/>
        <line num="1" count="2" type="stmt"/>
        <line num="4" count="7" type="stmt"/>
        <line num="5" count="21" type="stmt"/>
        <line num="6" count="21" type="stmt"/>
        <line num="7" count="9" type="cond" truecount="2" falsecount="0"/>
        <line num="8" count="4" type="stmt"/>
        <line num="11" count="5" type="cond" truecount="3" falsecount="1"/>
        <line num="12" count="0" type="stmt"/>
        <line num="13" count="0" type="cond" truecount="0" falsecount="2"/>
        <line num="14" count="0" type="stmt"/>
        <line num="15" count="0" type="stmt"/>
        <line num="17" count="5" type="stmt"/>
        <line num="20" count="17" type="stmt"/>
        <line num="24" count="3" type="stmt"/>
        <line num="27" count="2" type="stmt"/>
      </file>
    </package>
  </project>
</coverage>
