{"/home/caio/Área de trabalho/Branch/2024-2-Squad07/TestesMapa/obrasgov/src/services/apiService.js": {"path":"/home/caio/Área de trabalho/Branch/2024-2-Squad07/TestesMapa/obrasgov/src/services/apiService.js","statementMap":{"0":{"start":{"line":1,"column":14},"end":{"line":1,"column":30}},"1":{"start":{"line":2,"column":19},"end":{"line":2,"column":49}},"2":{"start":{"line":5,"column":16},"end":{"line":5,"column":147}},"3":{"start":{"line":7,"column":4},"end":{"line":20,"column":5}},"4":{"start":{"line":8,"column":25},"end":{"line":8,"column":45}},"5":{"start":{"line":10,"column":8},"end":{"line":16,"column":9}},"6":{"start":{"line":11,"column":12},"end":{"line":11,"column":97}},"7":{"start":{"line":12,"column":12},"end":{"line":12,"column":33}},"8":{"start":{"line":14,"column":12},"end":{"line":14,"column":77}},"9":{"start":{"line":15,"column":12},"end":{"line":15,"column":53}},"10":{"start":{"line":18,"column":8},"end":{"line":18,"column":82}},"11":{"start":{"line":19,"column":8},"end":{"line":19,"column":49}},"12":{"start":{"line":24,"column":16},"end":{"line":24,"column":94}},"13":{"start":{"line":25,"column":4},"end":{"line":30,"column":5}},"14":{"start":{"line":26,"column":26},"end":{"line":26,"column":62}},"15":{"start":{"line":27,"column":8},"end":{"line":27,"column":25}},"16":{"start":{"line":29,"column":8},"end":{"line":29,"column":89}},"17":{"start":{"line":33,"column":0},"end":{"line":36,"column":2}}},"fnMap":{"0":{"name":"fetchObrasPorUF","decl":{"start":{"line":4,"column":15},"end":{"line":4,"column":30}},"loc":{"start":{"line":4,"column":68},"end":{"line":21,"column":1}},"line":4},"1":{"name":"fetchGeometria","decl":{"start":{"line":23,"column":15},"end":{"line":23,"column":29}},"loc":{"start":{"line":23,"column":39},"end":{"line":31,"column":1}},"line":23}},"branchMap":{"0":{"loc":{"start":{"line":4,"column":35},"end":{"line":4,"column":45}},"type":"default-arg","locations":[{"start":{"line":4,"column":44},"end":{"line":4,"column":45}}],"line":4},"1":{"loc":{"start":{"line":4,"column":47},"end":{"line":4,"column":66}},"type":"default-arg","locations":[{"start":{"line":4,"column":65},"end":{"line":4,"column":66}}],"line":4},"2":{"loc":{"start":{"line":10,"column":8},"end":{"line":16,"column":9}},"type":"if","locations":[{"start":{"line":10,"column":8},"end":{"line":16,"column":9}},{"start":{"line":13,"column":15},"end":{"line":16,"column":9}}],"line":10},"3":{"loc":{"start":{"line":10,"column":12},"end":{"line":10,"column":65}},"type":"binary-expr","locations":[{"start":{"line":10,"column":12},"end":{"line":10,"column":25}},{"start":{"line":10,"column":29},"end":{"line":10,"column":65}}],"line":10}},"s":{"0":1,"1":1,"2":2,"3":2,"4":2,"5":1,"6":1,"7":1,"8":0,"9":0,"10":1,"11":1,"12":2,"13":2,"14":2,"15":0,"16":2,"17":1},"f":{"0":2,"1":2},"b":{"0":[0],"1":[0],"2":[1,0],"3":[1,1]},"_coverageSchema":"1a1c01bbd47fc00a2c39e90264f33305004495a9","hash":"f5136e155c6c12eb210f9b8d77b00814ce2b6dbd"}
,"/home/caio/Área de trabalho/Branch/2024-2-Squad07/TestesMapa/obrasgov/src/services/cacheService.js": {"path":"/home/caio/Área de trabalho/Branch/2024-2-Squad07/TestesMapa/obrasgov/src/services/cacheService.js","statementMap":{"0":{"start":{"line":1,"column":14},"end":{"line":1,"column":23}},"1":{"start":{"line":4,"column":4},"end":{"line":4,"column":30}},"2":{"start":{"line":8,"column":4},"end":{"line":8,"column":29}},"3":{"start":{"line":11,"column":0},"end":{"line":14,"column":2}}},"fnMap":{"0":{"name":"getFromCache","decl":{"start":{"line":3,"column":9},"end":{"line":3,"column":21}},"loc":{"start":{"line":3,"column":31},"end":{"line":5,"column":1}},"line":3},"1":{"name":"setToCache","decl":{"start":{"line":7,"column":9},"end":{"line":7,"column":19}},"loc":{"start":{"line":7,"column":35},"end":{"line":9,"column":1}},"line":7}},"branchMap":{},"s":{"0":1,"1":2,"2":1,"3":1},"f":{"0":2,"1":1},"b":{},"_coverageSchema":"1a1c01bbd47fc00a2c39e90264f33305004495a9","hash":"6380846ece00a433976003dc5d3ea8f9cec2aa00"}
,"/home/caio/Área de trabalho/Branch/2024-2-Squad07/TestesMapa/obrasgov/src/services/fileService.js": {"path":"/home/caio/Área de trabalho/Branch/2024-2-Squad07/TestesMapa/obrasgov/src/services/fileService.js","statementMap":{"0":{"start":{"line":1,"column":11},"end":{"line":1,"column":24}},"1":{"start":{"line":4,"column":4},"end":{"line":9,"column":5}},"2":{"start":{"line":5,"column":8},"end":{"line":5,"column":75}},"3":{"start":{"line":6,"column":8},"end":{"line":6,"column":59}},"4":{"start":{"line":8,"column":8},"end":{"line":8,"column":78}},"5":{"start":{"line":12,"column":0},"end":{"line":14,"column":2}}},"fnMap":{"0":{"name":"saveToJsonFile","decl":{"start":{"line":3,"column":9},"end":{"line":3,"column":23}},"loc":{"start":{"line":3,"column":40},"end":{"line":10,"column":1}},"line":3}},"branchMap":{},"s":{"0":1,"1":2,"2":2,"3":1,"4":1,"5":1},"f":{"0":2},"b":{},"_coverageSchema":"1a1c01bbd47fc00a2c39e90264f33305004495a9","hash":"56afcb8b6b85f3ce32fc8a84f737781f0e4bf381"}
,"/home/caio/Área de trabalho/Branch/2024-2-Squad07/TestesMapa/obrasgov/src/utils/geometryUtils.js": {"path":"/home/caio/Área de trabalho/Branch/2024-2-Squad07/TestesMapa/obrasgov/src/utils/geometryUtils.js","statementMap":{"0":{"start":{"line":2,"column":18},"end":{"line":2,"column":69}},"1":{"start":{"line":3,"column":4},"end":{"line":8,"column":5}},"2":{"start":{"line":4,"column":8},"end":{"line":7,"column":10}},"3":{"start":{"line":9,"column":4},"end":{"line":9,"column":16}},"4":{"start":{"line":12,"column":0},"end":{"line":14,"column":2}}},"fnMap":{"0":{"name":"extractLatLong","decl":{"start":{"line":1,"column":9},"end":{"line":1,"column":23}},"loc":{"start":{"line":1,"column":38},"end":{"line":10,"column":1}},"line":1}},"branchMap":{"0":{"loc":{"start":{"line":3,"column":4},"end":{"line":8,"column":5}},"type":"if","locations":[{"start":{"line":3,"column":4},"end":{"line":8,"column":5}},{"start":{},"end":{}}],"line":3}},"s":{"0":3,"1":3,"2":2,"3":1,"4":1},"f":{"0":3},"b":{"0":[2,1]},"_coverageSchema":"1a1c01bbd47fc00a2c39e90264f33305004495a9","hash":"d1ba62b20eca62c9941309b80d8dbb1b90e57d05"}
,"/home/caio/Área de trabalho/Branch/2024-2-Squad07/TestesMapa/obrasgov/src/utils/retryUtils.js": {"path":"/home/caio/Área de trabalho/Branch/2024-2-Squad07/TestesMapa/obrasgov/src/utils/retryUtils.js","statementMap":{"0":{"start":{"line":1,"column":14},"end":{"line":1,"column":30}},"1":{"start":{"line":4,"column":4},"end":{"line":22,"column":5}},"2":{"start":{"line":4,"column":23},"end":{"line":4,"column":24}},"3":{"start":{"line":5,"column":8},"end":{"line":21,"column":9}},"4":{"start":{"line":6,"column":29},"end":{"line":6,"column":49}},"5":{"start":{"line":7,"column":12},"end":{"line":9,"column":13}},"6":{"start":{"line":8,"column":16},"end":{"line":8,"column":37}},"7":{"start":{"line":11,"column":12},"end":{"line":18,"column":13}},"8":{"start":{"line":12,"column":35},"end":{"line":12,"column":66}},"9":{"start":{"line":13,"column":30},"end":{"line":13,"column":104}},"10":{"start":{"line":14,"column":16},"end":{"line":14,"column":85}},"11":{"start":{"line":15,"column":16},"end":{"line":15,"column":73}},"12":{"start":{"line":15,"column":45},"end":{"line":15,"column":71}},"13":{"start":{"line":17,"column":16},"end":{"line":17,"column":81}},"14":{"start":{"line":20,"column":12},"end":{"line":20,"column":78}},"15":{"start":{"line":24,"column":4},"end":{"line":24,"column":44}},"16":{"start":{"line":27,"column":0},"end":{"line":29,"column":2}}},"fnMap":{"0":{"name":"fetchWithRetry","decl":{"start":{"line":3,"column":15},"end":{"line":3,"column":29}},"loc":{"start":{"line":3,"column":48},"end":{"line":25,"column":1}},"line":3},"1":{"name":"(anonymous_1)","decl":{"start":{"line":15,"column":34},"end":{"line":15,"column":35}},"loc":{"start":{"line":15,"column":45},"end":{"line":15,"column":71}},"line":15}},"branchMap":{"0":{"loc":{"start":{"line":3,"column":35},"end":{"line":3,"column":46}},"type":"default-arg","locations":[{"start":{"line":3,"column":45},"end":{"line":3,"column":46}}],"line":3},"1":{"loc":{"start":{"line":7,"column":12},"end":{"line":9,"column":13}},"type":"if","locations":[{"start":{"line":7,"column":12},"end":{"line":9,"column":13}},{"start":{},"end":{}}],"line":7},"2":{"loc":{"start":{"line":11,"column":12},"end":{"line":18,"column":13}},"type":"if","locations":[{"start":{"line":11,"column":12},"end":{"line":18,"column":13}},{"start":{"line":16,"column":19},"end":{"line":18,"column":13}}],"line":11},"3":{"loc":{"start":{"line":11,"column":16},"end":{"line":11,"column":66}},"type":"binary-expr","locations":[{"start":{"line":11,"column":16},"end":{"line":11,"column":39}},{"start":{"line":11,"column":43},"end":{"line":11,"column":66}}],"line":11},"4":{"loc":{"start":{"line":13,"column":30},"end":{"line":13,"column":104}},"type":"cond-expr","locations":[{"start":{"line":13,"column":43},"end":{"line":13,"column":74}},{"start":{"line":13,"column":77},"end":{"line":13,"column":104}}],"line":13}},"s":{"0":2,"1":7,"2":7,"3":21,"4":21,"5":9,"6":4,"7":5,"8":0,"9":0,"10":0,"11":0,"12":0,"13":5,"14":17,"15":3,"16":2},"f":{"0":7,"1":0},"b":{"0":[5],"1":[4,5],"2":[0,5],"3":[5,5],"4":[0,0]},"_coverageSchema":"1a1c01bbd47fc00a2c39e90264f33305004495a9","hash":"bcad71b88e777b5ec8b1df446b2d929f509c0657"}
}
