TN:
SF:src/services/apiService.js
FN:4,fetchObrasPorUF
FN:23,fetchGeometria
FNF:2
FNH:2
FNDA:2,fetchObrasPorUF
FNDA:2,fetchGeometria
DA:1,1
DA:2,1
DA:5,2
DA:7,2
DA:8,2
DA:10,1
DA:11,1
DA:12,1
DA:14,0
DA:15,0
DA:18,1
DA:19,1
DA:24,2
DA:25,2
DA:26,2
DA:27,0
DA:29,2
DA:33,1
LF:18
LH:15
BRDA:4,0,0,0
BRDA:4,1,0,0
BRDA:10,2,0,1
BRDA:10,2,1,0
BRDA:10,3,0,1
BRDA:10,3,1,1
BRF:6
BRH:3
end_of_record
TN:
SF:src/services/cacheService.js
FN:3,getFromCache
FN:7,setToCache
FNF:2
FNH:2
FNDA:2,getFromCache
FNDA:1,setToCache
DA:1,1
DA:4,2
DA:8,1
DA:11,1
LF:4
LH:4
BRF:0
BRH:0
end_of_record
TN:
SF:src/services/fileService.js
FN:3,saveToJsonFile
FNF:1
FNH:1
FNDA:2,saveToJsonFile
DA:1,1
DA:4,2
DA:5,2
DA:6,1
DA:8,1
DA:12,1
LF:6
LH:6
BRF:0
BRH:0
end_of_record
TN:
SF:src/utils/geometryUtils.js
FN:1,extractLatLong
FNF:1
FNH:1
FNDA:3,extractLatLong
DA:2,3
DA:3,3
DA:4,2
DA:9,1
DA:12,1
LF:5
LH:5
BRDA:3,0,0,2
BRDA:3,0,1,1
BRF:2
BRH:2
end_of_record
TN:
SF:src/utils/retryUtils.js
FN:3,fetchWithRetry
FN:15,(anonymous_1)
FNF:2
FNH:1
FNDA:7,fetchWithRetry
FNDA:0,(anonymous_1)
DA:1,2
DA:4,7
DA:5,21
DA:6,21
DA:7,9
DA:8,4
DA:11,5
DA:12,0
DA:13,0
DA:14,0
DA:15,0
DA:17,5
DA:20,17
DA:24,3
DA:27,2
LF:15
LH:11
BRDA:3,0,0,5
BRDA:7,1,0,4
BRDA:7,1,1,5
BRDA:11,2,0,0
BRDA:11,2,1,5
BRDA:11,3,0,5
BRDA:11,3,1,5
BRDA:13,4,0,0
BRDA:13,4,1,0
BRF:9
BRH:6
end_of_record
